
╔══════════════════════════════════════════════════════╗
║  🤖 Legacy WhatsApp Bridge                           ║
║  📡 Running on: http://localhost:8081               ║
║  🔑 API Key:    legacy-evolution-api...    ║
║  📬 Webhook:    http://127.0.0.1:3001/api/webh...    ║
╚══════════════════════════════════════════════════════╝

Auto-connecting instance "legacy-crm"...
[legacy-crm] QR Code received
[API] Create/connect instance: legacy-crm
[legacy-crm] Connection closed. Reason: 515 | Stream Errored (restart required). BadSession: false. Reconnect: true
[legacy-crm] 🔄 Reconnecting in 8000ms...
[legacy-crm] ✅ WhatsApp connected!
[legacy-crm] 🔔 messages.upsert triggered | type: notify | messages count: 1
[legacy-crm] 📩 Received message. Upserting to webhook...
[legacy-crm] 🔔 messages.upsert triggered | type: notify | messages count: 1
[legacy-crm] 📩 Received message. Upserting to webhook...
[legacy-crm] 🔔 messages.upsert triggered | type: notify | messages count: 1
[legacy-crm] 📩 Received message. Upserting to webhook...
[legacy-crm] 🔔 messages.upsert triggered | type: notify | messages count: 1
[legacy-crm] 📩 Received message. Upserting to webhook...
[legacy-crm] 🔔 messages.upsert triggered | type: notify | messages count: 1
[legacy-crm] 📩 Received message. Upserting to webhook...
[legacy-crm] 🔔 messages.upsert triggered | type: notify | messages count: 1
[legacy-crm] 📩 Received message. Upserting to webhook...
[legacy-crm] 🔔 messages.upsert triggered | type: notify | messages count: 1
[legacy-crm] 📩 Received message. Upserting to webhook...
[legacy-crm] 🔔 messages.upsert triggered | type: notify | messages count: 1
[legacy-crm] 📩 Received message. Upserting to webhook...
[legacy-crm] 🔔 messages.upsert triggered | type: notify | messages count: 1
[legacy-crm] 📩 Received message. Upserting to webhook...
[legacy-crm] 🔔 messages.upsert triggered | type: notify | messages count: 1
[legacy-crm] 📩 Received message. Upserting to webhook...
[legacy-crm] 🔔 messages.upsert triggered | type: notify | messages count: 1
[legacy-crm] 📩 Received message. Upserting to webhook...
[legacy-crm] 🔔 messages.upsert triggered | type: notify | messages count: 1
[legacy-crm] 📩 Received message. Upserting to webhook...
[legacy-crm] 🔔 messages.upsert triggered | type: notify | messages count: 1
[legacy-crm] 📩 Received message. Upserting to webhook...
[legacy-crm] 🔔 messages.upsert triggered | type: notify | messages count: 1
[legacy-crm] 📩 Received message. Upserting to webhook...
[legacy-crm] 🔔 messages.upsert triggered | type: notify | messages count: 1
[legacy-crm] 📩 Received message. Upserting to webhook...
[legacy-crm] 🔔 messages.upsert triggered | type: notify | messages count: 1
[legacy-crm] 📩 Received message. Upserting to webhook...
[legacy-crm] 🔔 messages.upsert triggered | type: notify | messages count: 1
[legacy-crm] 📩 Received message. Upserting to webhook...
[legacy-crm] 🔔 messages.upsert triggered | type: notify | messages count: 1
[legacy-crm] 📩 Received message. Upserting to webhook...
[legacy-crm] 🔔 messages.upsert triggered | type: notify | messages count: 1
[legacy-crm] 📩 Received message. Upserting to webhook...
[legacy-crm] 🔔 messages.upsert triggered | type: notify | messages count: 1
[legacy-crm] 📩 Received message. Upserting to webhook...
[legacy-crm] 🔔 messages.upsert triggered | type: notify | messages count: 1
[legacy-crm] 📩 Received message. Upserting to webhook...
[legacy-crm] 🔔 messages.upsert triggered | type: notify | messages count: 1
[legacy-crm] 📩 Received message. Upserting to webhook...
[legacy-crm] 🔔 messages.upsert triggered | type: notify | messages count: 1
[legacy-crm] 📩 Received message. Upserting to webhook...
[legacy-crm] 🔔 messages.upsert triggered | type: notify | messages count: 1
[legacy-crm] 📩 Received message. Upserting to webhook...
[legacy-crm] 🔔 messages.upsert triggered | type: notify | messages count: 1
[legacy-crm] 📩 Received message. Upserting to webhook...
[legacy-crm] 🔔 messages.upsert triggered | type: notify | messages count: 1
[legacy-crm] 📩 Received message. Upserting to webhook...
[legacy-crm] 🔔 messages.upsert triggered | type: notify | messages count: 1
[legacy-crm] 📩 Received message. Upserting to webhook...
[legacy-crm] 🔔 messages.upsert triggered | type: notify | messages count: 1
[legacy-crm] 📩 Received message. Upserting to webhook...
[legacy-crm] 🔔 messages.upsert triggered | type: notify | messages count: 1
[legacy-crm] 📩 Received message. Upserting to webhook...
[legacy-crm] 🔔 messages.upsert triggered | type: notify | messages count: 1
[legacy-crm] 📩 Received message. Upserting to webhook...
[legacy-crm] 🔔 messages.upsert triggered | type: notify | messages count: 1
[legacy-crm] 📩 Received message. Upserting to webhook...

╔══════════════════════════════════════════════════════╗
║  🤖 Legacy WhatsApp Bridge                           ║
║  📡 Running on: http://localhost:8081               ║
║  🔑 API Key:    legacy-evolution-api...    ║
║  📬 Webhook:    http://127.0.0.1:3001/api/webh...    ║
╚══════════════════════════════════════════════════════╝

Auto-connecting instance "legacy-crm"...
[legacy-crm] ✅ WhatsApp connected!
[legacy-crm] 🔔 messages.upsert triggered | type: append | messages count: 374
[legacy-crm] 📩 Received message. Upserting to webhook...
[legacy-crm] 📩 Received message. Upserting to webhook...
[legacy-crm] 📩 Received message. Upserting to webhook...
[legacy-crm] 📩 Received message. Upserting to webhook...
[legacy-crm] 📩 Received message. Upserting to webhook...
[legacy-crm] 📩 Received message. Upserting to webhook...
[legacy-crm] 📩 Received message. Upserting to webhook...
[legacy-crm] 📩 Received message. Upserting to webhook...
[legacy-crm] 🔔 messages.upsert triggered | type: append | messages count: 3
[legacy-crm] 📩 Received message. Upserting to webhook...
[legacy-crm] 📩 Received message. Upserting to webhook...
[legacy-crm] 📩 Received message. Upserting to webhook...
[legacy-crm] 📩 Received message. Upserting to webhook...
[legacy-crm] 📩 Received message. Upserting to webhook...
[legacy-crm] 📩 Received message. Upserting to webhook...
[legacy-crm] 📩 Received message. Upserting to webhook...
[legacy-crm] 📩 Received message. Upserting to webhook...
[legacy-crm] 📩 Received message. Upserting to webhook...
[legacy-crm] 📩 Received message. Upserting to webhook...
[legacy-crm] 📩 Received message. Upserting to webhook...
[legacy-crm] 📩 Received message. Upserting to webhook...
[legacy-crm] 📩 Received message. Upserting to webhook...
[legacy-crm] 📩 Received message. Upserting to webhook...
[legacy-crm] 📩 Received message. Upserting to webhook...
[legacy-crm] 📩 Received message. Upserting to webhook...
[legacy-crm] 📩 Received message. Upserting to webhook...
[legacy-crm] 📩 Received message. Upserting to webhook...
[legacy-crm] 📩 Received message. Upserting to webhook...
[legacy-crm] 📩 Received message. Upserting to webhook...
[legacy-crm] 📩 Received message. Upserting to webhook...
[legacy-crm] 📩 Received message. Upserting to webhook...
[legacy-crm] 📩 Received message. Upserting to webhook...
[legacy-crm] 📩 Received message. Upserting to webhook...
[legacy-crm] 📩 Received message. Upserting to webhook...
[legacy-crm] 📩 Received message. Upserting to webhook...
[legacy-crm] 📩 Received message. Upserting to webhook...
[legacy-crm] 📩 Received message. Upserting to webhook...
[legacy-crm] 📩 Received message. Upserting to webhook...
[legacy-crm] 📩 Received message. Upserting to webhook...
[legacy-crm] 📩 Received message. Upserting to webhook...
[legacy-crm] 📩 Received message. Upserting to webhook...
[legacy-crm] 📩 Received message. Upserting to webhook...
[legacy-crm] 🔔 messages.upsert triggered | type: append | messages count: 4
[legacy-crm] 📩 Received message. Upserting to webhook...
[legacy-crm] 📩 Received message. Upserting to webhook...
[legacy-crm] 📩 Received message. Upserting to webhook...
[legacy-crm] 📩 Received message. Upserting to webhook...
[legacy-crm] 📩 Received message. Upserting to webhook...
[legacy-crm] 📩 Received message. Upserting to webhook...
[legacy-crm] 📩 Received message. Upserting to webhook...
[legacy-crm] 📩 Received message. Upserting to webhook...
[legacy-crm] 📩 Received message. Upserting to webhook...
[legacy-crm] 📩 Received message. Upserting to webhook...
[legacy-crm] 📩 Received message. Upserting to webhook...
[legacy-crm] 📩 Received message. Upserting to webhook...
[legacy-crm] 🔔 messages.upsert triggered | type: append | messages count: 1
[legacy-crm] 📩 Received message. Upserting to webhook...
[legacy-crm] 📩 Received message. Upserting to webhook...
[legacy-crm] 📩 Received message. Upserting to webhook...
[legacy-crm] 📩 Received message. Upserting to webhook...
[legacy-crm] 📩 Received message. Upserting to webhook...
[legacy-crm] 📩 Received message. Upserting to webhook...
[legacy-crm] 📩 Received message. Upserting to webhook...
[legacy-crm] 🔔 messages.upsert triggered | type: append | messages count: 1
[legacy-crm] 📩 Received message. Upserting to webhook...
[legacy-crm] 📩 Received message. Upserting to webhook...
[legacy-crm] 📩 Received message. Upserting to webhook...
[legacy-crm] 📩 Received message. Upserting to webhook...
[legacy-crm] 📩 Received message. Upserting to webhook...
[legacy-crm] 📩 Received message. Upserting to webhook...
[legacy-crm] 🔔 messages.upsert triggered | type: append | messages count: 1
[legacy-crm] 📩 Received message. Upserting to webhook...
[legacy-crm] 📩 Received message. Upserting to webhook...
[legacy-crm] 📩 Received message. Upserting to webhook...
[legacy-crm] 📩 Received message. Upserting to webhook...
[legacy-crm] 🔔 messages.upsert triggered | type: append | messages count: 2
[legacy-crm] 📩 Received message. Upserting to webhook...
[legacy-crm] 📩 Received message. Upserting to webhook...
[legacy-crm] 📩 Received message. Upserting to webhook...
[legacy-crm] 📩 Received message. Upserting to webhook...
[legacy-crm] 📩 Received message. Upserting to webhook...
[legacy-crm] 📩 Received message. Upserting to webhook...
[legacy-crm] 🔔 messages.upsert triggered | type: append | messages count: 3
[legacy-crm] 📩 Received message. Upserting to webhook...
[legacy-crm] 📩 Received message. Upserting to webhook...
[legacy-crm] 📩 Received message. Upserting to webhook...
[legacy-crm] 📩 Received message. Upserting to webhook...
[legacy-crm] 📩 Received message. Upserting to webhook...
[legacy-crm] 📩 Received message. Upserting to webhook...
[legacy-crm] 📩 Received message. Upserting to webhook...
[legacy-crm] 📩 Received message. Upserting to webhook...
[legacy-crm] 📩 Received message. Upserting to webhook...
[legacy-crm] 📩 Received message. Upserting to webhook...
[legacy-crm] 🔔 messages.upsert triggered | type: append | messages count: 1
[legacy-crm] 📩 Received message. Upserting to webhook...
[legacy-crm] 📩 Received message. Upserting to webhook...
[legacy-crm] 📩 Received message. Upserting to webhook...
[legacy-crm] 📩 Received message. Upserting to webhook...
[legacy-crm] 📩 Received message. Upserting to webhook...
[legacy-crm] 📩 Received message. Upserting to webhook...
[legacy-crm] 📩 Received message. Upserting to webhook...
[legacy-crm] 🔔 messages.upsert triggered | type: append | messages count: 1
[legacy-crm] 📩 Received message. Upserting to webhook...
[legacy-crm] 📩 Received message. Upserting to webhook...
[legacy-crm] 📩 Received message. Upserting to webhook...
[legacy-crm] 📩 Received message. Upserting to webhook...
[legacy-crm] 📩 Received message. Upserting to webhook...
[legacy-crm] 📩 Received message. Upserting to webhook...
[legacy-crm] 📩 Received message. Upserting to webhook...
[legacy-crm] 📩 Received message. Upserting to webhook...
[legacy-crm] 🔔 messages.upsert triggered | type: append | messages count: 1
[legacy-crm] 📩 Received message. Upserting to webhook...
[legacy-crm] 📩 Received message. Upserting to webhook...
[legacy-crm] 📩 Received message. Upserting to webhook...
[legacy-crm] 📩 Received message. Upserting to webhook...
[legacy-crm] 📩 Received message. Upserting to webhook...
[legacy-crm] 📩 Received message. Upserting to webhook...
[legacy-crm] 📩 Received message. Upserting to webhook...
[legacy-crm] 🔔 messages.upsert triggered | type: append | messages count: 1
[legacy-crm] 📩 Received message. Upserting to webhook...
[legacy-crm] 📩 Received message. Upserting to webhook...
[legacy-crm] 📩 Received message. Upserting to webhook...
[legacy-crm] 📩 Received message. Upserting to webhook...
[legacy-crm] 📩 Received message. Upserting to webhook...
[legacy-crm] 📩 Received message. Upserting to webhook...
[legacy-crm] 📩 Received message. Upserting to webhook...
[legacy-crm] 📩 Received message. Upserting to webhook...
[legacy-crm] 🔔 messages.upsert triggered | type: append | messages count: 3
[legacy-crm] 📩 Received message. Upserting to webhook...
[legacy-crm] 📩 Received message. Upserting to webhook...
[legacy-crm] 📩 Received message. Upserting to webhook...
[legacy-crm] 📩 Received message. Upserting to webhook...
[legacy-crm] 📩 Received message. Upserting to webhook...
[legacy-crm] 📩 Received message. Upserting to webhook...
[legacy-crm] 📩 Received message. Upserting to webhook...
[legacy-crm] 📩 Received message. Upserting to webhook...
[legacy-crm] 📩 Received message. Upserting to webhook...
[legacy-crm] 📩 Received message. Upserting to webhook...
[legacy-crm] 📩 Received message. Upserting to webhook...
[legacy-crm] 📩 Received message. Upserting to webhook...
[legacy-crm] 📩 Received message. Upserting to webhook...
[legacy-crm] 📩 Received message. Upserting to webhook...
[legacy-crm] 🔔 messages.upsert triggered | type: append | messages count: 1
[legacy-crm] 📩 Received message. Upserting to webhook...
[legacy-crm] 📩 Received message. Upserting to webhook...
[legacy-crm] 📩 Received message. Upserting to webhook...
[legacy-crm] 📩 Received message. Upserting to webhook...
[legacy-crm] 📩 Received message. Upserting to webhook...
[legacy-crm] 📩 Received message. Upserting to webhook...
[legacy-crm] 📩 Received message. Upserting to webhook...
[legacy-crm] 🔔 messages.upsert triggered | type: append | messages count: 1
[legacy-crm] 📩 Received message. Upserting to webhook...
[legacy-crm] 📩 Received message. Upserting to webhook...
[legacy-crm] 📩 Received message. Upserting to webhook...
[legacy-crm] 📩 Received message. Upserting to webhook...
[legacy-crm] 📩 Received message. Upserting to webhook...
[legacy-crm] 📩 Received message. Upserting to webhook...
[legacy-crm] 📩 Received message. Upserting to webhook...
[legacy-crm] 📩 Received message. Upserting to webhook...
[legacy-crm] 📩 Received message. Upserting to webhook...
[legacy-crm] 📩 Received message. Upserting to webhook...
[legacy-crm] 📩 Received message. Upserting to webhook...
[legacy-crm] 📩 Received message. Upserting to webhook...
[legacy-crm] 📩 Received message. Upserting to webhook...
[legacy-crm] 📩 Received message. Upserting to webhook...
[legacy-crm] 🔔 messages.upsert triggered | type: append | messages count: 3
[legacy-crm] 📩 Received message. Upserting to webhook...
[legacy-crm] 📩 Received message. Upserting to webhook...
[legacy-crm] 📩 Received message. Upserting to webhook...
[legacy-crm] 📩 Received message. Upserting to webhook...
[legacy-crm] 📩 Received message. Upserting to webhook...
[legacy-crm] 📩 Received message. Upserting to webhook...
[legacy-crm] 📩 Received message. Upserting to webhook...
[legacy-crm] 📩 Received message. Upserting to webhook...
[legacy-crm] 📩 Received message. Upserting to webhook...
[legacy-crm] 📩 Received message. Upserting to webhook...
[legacy-crm] 📩 Received message. Upserting to webhook...
[legacy-crm] 📩 Received message. Upserting to webhook...
[legacy-crm] 📩 Received message. Upserting to webhook...
[legacy-crm] 📩 Received message. Upserting to webhook...
[legacy-crm] 📩 Received message. Upserting to webhook...
[legacy-crm] 📩 Received message. Upserting to webhook...
[legacy-crm] 📩 Received message. Upserting to webhook...
[legacy-crm] 📩 Received message. Upserting to webhook...
[legacy-crm] 📩 Received message. Upserting to webhook...
[legacy-crm] 📩 Received message. Upserting to webhook...
[legacy-crm] 🔔 messages.upsert triggered | type: append | messages count: 5
[legacy-crm] 📩 Received message. Upserting to webhook...
[legacy-crm] 📩 Received message. Upserting to webhook...
[legacy-crm] 📩 Received message. Upserting to webhook...
[legacy-crm] 📩 Received message. Upserting to webhook...
[legacy-crm] 📩 Received message. Upserting to webhook...
[legacy-crm] 📩 Received message. Upserting to webhook...
[legacy-crm] 📩 Received message. Upserting to webhook...
[legacy-crm] 📩 Received message. Upserting to webhook...
[legacy-crm] 📩 Received message. Upserting to webhook...
[legacy-crm] 📩 Received message. Upserting to webhook...
[legacy-crm] 📩 Received message. Upserting to webhook...
[legacy-crm] 📩 Received message. Upserting to webhook...
[legacy-crm] 📩 Received message. Upserting to webhook...
[legacy-crm] 📩 Received message. Upserting to webhook...
[legacy-crm] 📩 Received message. Upserting to webhook...
[legacy-crm] 📩 Received message. Upserting to webhook...
[legacy-crm] 🔔 messages.upsert triggered | type: append | messages count: 1
[legacy-crm] 📩 Received message. Upserting to webhook...
[legacy-crm] 📩 Received message. Upserting to webhook...
[legacy-crm] 📩 Received message. Upserting to webhook...
[legacy-crm] 📩 Received message. Upserting to webhook...
[legacy-crm] 📩 Received message. Upserting to webhook...
[legacy-crm] 📩 Received message. Upserting to webhook...
[legacy-crm] 📩 Received message. Upserting to webhook...
[legacy-crm] 🔔 messages.upsert triggered | type: append | messages count: 3
[legacy-crm] 📩 Received message. Upserting to webhook...
[legacy-crm] 📩 Received message. Upserting to webhook...
[legacy-crm] 📩 Received message. Upserting to webhook...
[legacy-crm] 📩 Received message. Upserting to webhook...
[legacy-crm] 📩 Received message. Upserting to webhook...
[legacy-crm] 📩 Received message. Upserting to webhook...
[legacy-crm] 🔔 messages.upsert triggered | type: append | messages count: 1
[legacy-crm] 📩 Received message. Upserting to webhook...
[legacy-crm] 📩 Received message. Upserting to webhook...
[legacy-crm] 📩 Received message. Upserting to webhook...
[legacy-crm] 🔔 messages.upsert triggered | type: append | messages count: 1
[legacy-crm] 📩 Received message. Upserting to webhook...
[legacy-crm] 📩 Received message. Upserting to webhook...
[legacy-crm] 📩 Received message. Upserting to webhook...
[legacy-crm] 📩 Received message. Upserting to webhook...
[legacy-crm] 📩 Received message. Upserting to webhook...
[legacy-crm] 📩 Received message. Upserting to webhook...
[legacy-crm] 📩 Received message. Upserting to webhook...
[legacy-crm] 📩 Received message. Upserting to webhook...
[legacy-crm] 🔔 messages.upsert triggered | type: append | messages count: 1
[legacy-crm] 📩 Received message. Upserting to webhook...
[legacy-crm] 📩 Received message. Upserting to webhook...
[legacy-crm] 📩 Received message. Upserting to webhook...
[legacy-crm] 🔔 messages.upsert triggered | type: append | messages count: 1
[legacy-crm] 📩 Received message. Upserting to webhook...
[legacy-crm] 📩 Received message. Upserting to webhook...
[legacy-crm] 📩 Received message. Upserting to webhook...
[legacy-crm] 📩 Received message. Upserting to webhook...
[legacy-crm] 📩 Received message. Upserting to webhook...
[legacy-crm] 📩 Received message. Upserting to webhook...
[legacy-crm] 📩 Received message. Upserting to webhook...
[legacy-crm] 🔔 messages.upsert triggered | type: append | messages count: 4
[legacy-crm] 📩 Received message. Upserting to webhook...
[legacy-crm] 📩 Received message. Upserting to webhook...
[legacy-crm] 📩 Received message. Upserting to webhook...
[legacy-crm] 📩 Received message. Upserting to webhook...
[legacy-crm] 📩 Received message. Upserting to webhook...
[legacy-crm] 📩 Received message. Upserting to webhook...
[legacy-crm] 📩 Received message. Upserting to webhook...
[legacy-crm] 📩 Received message. Upserting to webhook...
[legacy-crm] 📩 Received message. Upserting to webhook...
[legacy-crm] 📩 Received message. Upserting to webhook...
[legacy-crm] 📩 Received message. Upserting to webhook...
[legacy-crm] 📩 Received message. Upserting to webhook...
[legacy-crm] 📩 Received message. Upserting to webhook...
[legacy-crm] 📩 Received message. Upserting to webhook...
[legacy-crm] 📩 Received message. Upserting to webhook...
[legacy-crm] 📩 Received message. Upserting to webhook...
[legacy-crm] 📩 Received message. Upserting to webhook...
[legacy-crm] 📩 Received message. Upserting to webhook...
[legacy-crm] 📩 Received message. Upserting to webhook...
[legacy-crm] 🔔 messages.upsert triggered | type: append | messages count: 1
[legacy-crm] 📩 Received message. Upserting to webhook...
[legacy-crm] 📩 Received message. Upserting to webhook...
[legacy-crm] 📩 Received message. Upserting to webhook...
[legacy-crm] 📩 Received message. Upserting to webhook...
[legacy-crm] 📩 Received message. Upserting to webhook...
[legacy-crm] 📩 Received message. Upserting to webhook...
[legacy-crm] 📩 Received message. Upserting to webhook...
[legacy-crm] 📩 Received message. Upserting to webhook...
[legacy-crm] 📩 Received message. Upserting to webhook...
[legacy-crm] 📩 Received message. Upserting to webhook...
[legacy-crm] 📩 Received message. Upserting to webhook...
[legacy-crm] 📩 Received message. Upserting to webhook...
[legacy-crm] 📩 Received message. Upserting to webhook...
[legacy-crm] 🔔 messages.upsert triggered | type: append | messages count: 4
[legacy-crm] 📩 Received message. Upserting to webhook...
[legacy-crm] 📩 Received message. Upserting to webhook...
[legacy-crm] 📩 Received message. Upserting to webhook...
[legacy-crm] 📩 Received message. Upserting to webhook...
[legacy-crm] 📩 Received message. Upserting to webhook...
[legacy-crm] 📩 Received message. Upserting to webhook...
[legacy-crm] 📩 Received message. Upserting to webhook...
[legacy-crm] 📩 Received message. Upserting to webhook...
[legacy-crm] 📩 Received message. Upserting to webhook...
[legacy-crm] 📩 Received message. Upserting to webhook...
[legacy-crm] 📩 Received message. Upserting to webhook...
[legacy-crm] 📩 Received message. Upserting to webhook...
[legacy-crm] 📩 Received message. Upserting to webhook...
[legacy-crm] 📩 Received message. Upserting to webhook...
[legacy-crm] 📩 Received message. Upserting to webhook...
[legacy-crm] 📩 Received message. Upserting to webhook...
[legacy-crm] 📩 Received message. Upserting to webhook...
[legacy-crm] 📩 Received message. Upserting to webhook...
[legacy-crm] 📩 Received message. Upserting to webhook...
[legacy-crm] 📩 Received message. Upserting to webhook...
[legacy-crm] 📩 Received message. Upserting to webhook...
[legacy-crm] 🔔 messages.upsert triggered | type: append | messages count: 1
[legacy-crm] 📩 Received message. Upserting to webhook...
[legacy-crm] 📩 Received message. Upserting to webhook...
[legacy-crm] 📩 Received message. Upserting to webhook...
[legacy-crm] 📩 Received message. Upserting to webhook...
[legacy-crm] 📩 Received message. Upserting to webhook...
[legacy-crm] 🔔 messages.upsert triggered | type: append | messages count: 3
[legacy-crm] 📩 Received message. Upserting to webhook...
[legacy-crm] 📩 Received message. Upserting to webhook...
[legacy-crm] 📩 Received message. Upserting to webhook...
[legacy-crm] 📩 Received message. Upserting to webhook...
[legacy-crm] 📩 Received message. Upserting to webhook...
[legacy-crm] 📩 Received message. Upserting to webhook...
[legacy-crm] 📩 Received message. Upserting to webhook...
[legacy-crm] 📩 Received message. Upserting to webhook...
[legacy-crm] 📩 Received message. Upserting to webhook...
[legacy-crm] 🔔 messages.upsert triggered | type: append | messages count: 1
[legacy-crm] 📩 Received message. Upserting to webhook...
[legacy-crm] 📩 Received message. Upserting to webhook...
[legacy-crm] 📩 Received message. Upserting to webhook...
[legacy-crm] 📩 Received message. Upserting to webhook...
[legacy-crm] 📩 Received message. Upserting to webhook...
[legacy-crm] 📩 Received message. Upserting to webhook...
[legacy-crm] 📩 Received message. Upserting to webhook...
[legacy-crm] 📩 Received message. Upserting to webhook...
[legacy-crm] 📩 Received message. Upserting to webhook...
[legacy-crm] 📩 Received message. Upserting to webhook...
[legacy-crm] 📩 Received message. Upserting to webhook...
[legacy-crm] 📩 Received message. Upserting to webhook...
[legacy-crm] 📩 Received message. Upserting to webhook...
[legacy-crm] 🔔 messages.upsert triggered | type: append | messages count: 1
[legacy-crm] 📩 Received message. Upserting to webhook...
[legacy-crm] 📩 Received message. Upserting to webhook...
[legacy-crm] 📩 Received message. Upserting to webhook...
[legacy-crm] 📩 Received message. Upserting to webhook...
[legacy-crm] 📩 Received message. Upserting to webhook...
[legacy-crm] 📩 Received message. Upserting to webhook...
[legacy-crm] 📩 Received message. Upserting to webhook...
[legacy-crm] 📩 Received message. Upserting to webhook...
[legacy-crm] 🔔 messages.upsert triggered | type: append | messages count: 3
[legacy-crm] 📩 Received message. Upserting to webhook...
[legacy-crm] 📩 Received message. Upserting to webhook...
[legacy-crm] 📩 Received message. Upserting to webhook...
[legacy-crm] 📩 Received message. Upserting to webhook...
[legacy-crm] 📩 Received message. Upserting to webhook...
[legacy-crm] 📩 Received message. Upserting to webhook...
[legacy-crm] 📩 Received message. Upserting to webhook...
[legacy-crm] 📩 Received message. Upserting to webhook...
[legacy-crm] 📩 Received message. Upserting to webhook...
[legacy-crm] 📩 Received message. Upserting to webhook...
[legacy-crm] 📩 Received message. Upserting to webhook...
[legacy-crm] 📩 Received message. Upserting to webhook...
[legacy-crm] 📩 Received message. Upserting to webhook...
[legacy-crm] 📩 Received message. Upserting to webhook...
[legacy-crm] 📩 Received message. Upserting to webhook...
[legacy-crm] 🔔 messages.upsert triggered | type: append | messages count: 1
[legacy-crm] 📩 Received message. Upserting to webhook...
[legacy-crm] 📩 Received message. Upserting to webhook...
[legacy-crm] 📩 Received message. Upserting to webhook...
[legacy-crm] 📩 Received message. Upserting to webhook...
[legacy-crm] 📩 Received message. Upserting to webhook...
[legacy-crm] 📩 Received message. Upserting to webhook...
[legacy-crm] 📩 Received message. Upserting to webhook...
[legacy-crm] 📩 Received message. Upserting to webhook...
[legacy-crm] 📩 Received message. Upserting to webhook...
[legacy-crm] 📩 Received message. Upserting to webhook...
[legacy-crm] 📩 Received message. Upserting to webhook...
[legacy-crm] 📩 Received message. Upserting to webhook...
[legacy-crm] 🔔 messages.upsert triggered | type: append | messages count: 3
[legacy-crm] 📩 Received message. Upserting to webhook...
[legacy-crm] 📩 Received message. Upserting to webhook...
[legacy-crm] 📩 Received message. Upserting to webhook...
[legacy-crm] 📩 Received message. Upserting to webhook...
[legacy-crm] 📩 Received message. Upserting to webhook...
[legacy-crm] 📩 Received message. Upserting to webhook...
[legacy-crm] 📩 Received message. Upserting to webhook...
[legacy-crm] 📩 Received message. Upserting to webhook...
[legacy-crm] 📩 Received message. Upserting to webhook...
[legacy-crm] 📩 Received message. Upserting to webhook...
[legacy-crm] 📩 Received message. Upserting to webhook...
[legacy-crm] 📩 Received message. Upserting to webhook...
[legacy-crm] 📩 Received message. Upserting to webhook...
[legacy-crm] 🔔 messages.upsert triggered | type: append | messages count: 1
[legacy-crm] 📩 Received message. Upserting to webhook...
[legacy-crm] 📩 Received message. Upserting to webhook...
[legacy-crm] 📩 Received message. Upserting to webhook...
[legacy-crm] 📩 Received message. Upserting to webhook...
[legacy-crm] 📩 Received message. Upserting to webhook...
[legacy-crm] 📩 Received message. Upserting to webhook...
[legacy-crm] 📩 Received message. Upserting to webhook...
[legacy-crm] 📩 Received message. Upserting to webhook...
[legacy-crm] 📩 Received message. Upserting to webhook...
[legacy-crm] 📩 Received message. Upserting to webhook...
[legacy-crm] 📩 Received message. Upserting to webhook...
[legacy-crm] 📩 Received message. Upserting to webhook...
[legacy-crm] 📩 Received message. Upserting to webhook...
[legacy-crm] 📩 Received message. Upserting to webhook...
[legacy-crm] 📩 Received message. Upserting to webhook...
[legacy-crm] 📩 Received message. Upserting to webhook...
[legacy-crm] 📩 Received message. Upserting to webhook...
[legacy-crm] 📩 Received message. Upserting to webhook...
[legacy-crm] 📩 Received message. Upserting to webhook...
[legacy-crm] 🔔 messages.upsert triggered | type: append | messages count: 2
[legacy-crm] 📩 Received message. Upserting to webhook...
[legacy-crm] 📩 Received message. Upserting to webhook...
[legacy-crm] 📩 Received message. Upserting to webhook...
[legacy-crm] 📩 Received message. Upserting to webhook...
[legacy-crm] 📩 Received message. Upserting to webhook...
[legacy-crm] 🔔 messages.upsert triggered | type: append | messages count: 1
[legacy-crm] 📩 Received message. Upserting to webhook...
[legacy-crm] 📩 Received message. Upserting to webhook...
[legacy-crm] 📩 Received message. Upserting to webhook...
[legacy-crm] 📩 Received message. Upserting to webhook...
[legacy-crm] 📩 Received message. Upserting to webhook...
[legacy-crm] 📩 Received message. Upserting to webhook...
[legacy-crm] 📩 Received message. Upserting to webhook...
[legacy-crm] 📩 Received message. Upserting to webhook...
[legacy-crm] 📩 Received message. Upserting to webhook...
[legacy-crm] 📩 Received message. Upserting to webhook...
[legacy-crm] 📩 Received message. Upserting to webhook...
[legacy-crm] 🔔 messages.upsert triggered | type: append | messages count: 2
[legacy-crm] 📩 Received message. Upserting to webhook...
[legacy-crm] 📩 Received message. Upserting to webhook...
[legacy-crm] 📩 Received message. Upserting to webhook...
[legacy-crm] 📩 Received message. Upserting to webhook...
[legacy-crm] 📩 Received message. Upserting to webhook...
[legacy-crm] 📩 Received message. Upserting to webhook...
[legacy-crm] 📩 Received message. Upserting to webhook...
[legacy-crm] 📩 Received message. Upserting to webhook...
[legacy-crm] 📩 Received message. Upserting to webhook...
[legacy-crm] 📩 Received message. Upserting to webhook...
[legacy-crm] 📩 Received message. Upserting to webhook...
[legacy-crm] 📩 Received message. Upserting to webhook...
[legacy-crm] 📩 Received message. Upserting to webhook...
[legacy-crm] 📩 Received message. Upserting to webhook...
[legacy-crm] 📩 Received message. Upserting to webhook...
[legacy-crm] 📩 Received message. Upserting to webhook...
[legacy-crm] 📩 Received message. Upserting to webhook...
[legacy-crm] 📩 Received message. Upserting to webhook...
[legacy-crm] 📩 Received message. Upserting to webhook...
[legacy-crm] 📩 Received message. Upserting to webhook...
[legacy-crm] 📩 Received message. Upserting to webhook...
[legacy-crm] 📩 Received message. Upserting to webhook...
[legacy-crm] 📩 Received message. Upserting to webhook...
[legacy-crm] 📩 Received message. Upserting to webhook...
[legacy-crm] 📩 Received message. Upserting to webhook...
[legacy-crm] 📩 Received message. Upserting to webhook...
[legacy-crm] 📩 Received message. Upserting to webhook...
[legacy-crm] 📩 Received message. Upserting to webhook...
[legacy-crm] 📩 Received message. Upserting to webhook...
[legacy-crm] 📩 Received message. Upserting to webhook...
[legacy-crm] 📩 Received message. Upserting to webhook...
[legacy-crm] 📩 Received message. Upserting to webhook...
[legacy-crm] 📩 Received message. Upserting to webhook...
[legacy-crm] 📩 Received message. Upserting to webhook...
[legacy-crm] 📩 Received message. Upserting to webhook...
[legacy-crm] 📩 Received message. Upserting to webhook...
[legacy-crm] 📩 Received message. Upserting to webhook...
[legacy-crm] 📩 Received message. Upserting to webhook...
[legacy-crm] 📩 Received message. Upserting to webhook...
[legacy-crm] 📩 Received message. Upserting to webhook...
[legacy-crm] 📩 Received message. Upserting to webhook...
[legacy-crm] 📩 Received message. Upserting to webhook...
[legacy-crm] 📩 Received message. Upserting to webhook...
[legacy-crm] 📩 Received message. Upserting to webhook...
[legacy-crm] 📩 Received message. Upserting to webhook...
[legacy-crm] 📩 Received message. Upserting to webhook...
[legacy-crm] 📩 Received message. Upserting to webhook...
[legacy-crm] 📩 Received message. Upserting to webhook...
[legacy-crm] 📩 Received message. Upserting to webhook...
[legacy-crm] 📩 Received message. Upserting to webhook...
[legacy-crm] 📩 Received message. Upserting to webhook...
[legacy-crm] 📩 Received message. Upserting to webhook...
[legacy-crm] 📩 Received message. Upserting to webhook...
[legacy-crm] 📩 Received message. Upserting to webhook...
[legacy-crm] 📩 Received message. Upserting to webhook...
[legacy-crm] 📩 Received message. Upserting to webhook...
[legacy-crm] 📩 Received message. Upserting to webhook...
[legacy-crm] 📩 Received message. Upserting to webhook...
[legacy-crm] 🔔 messages.upsert triggered | type: append | messages count: 4
[legacy-crm] 📩 Received message. Upserting to webhook...
[legacy-crm] 📩 Received message. Upserting to webhook...
[legacy-crm] 📩 Received message. Upserting to webhook...
[legacy-crm] 📩 Received message. Upserting to webhook...
[legacy-crm] 🔔 messages.upsert triggered | type: append | messages count: 1
[legacy-crm] 📩 Received message. Upserting to webhook...
[legacy-crm] 🔔 messages.upsert triggered | type: append | messages count: 4
[legacy-crm] 📩 Received message. Upserting to webhook...
[legacy-crm] 📩 Received message. Upserting to webhook...
[legacy-crm] 📩 Received message. Upserting to webhook...
[legacy-crm] 📩 Received message. Upserting to webhook...
[legacy-crm] 🔔 messages.upsert triggered | type: append | messages count: 4
[legacy-crm] 📩 Received message. Upserting to webhook...
[legacy-crm] 📩 Received message. Upserting to webhook...
[legacy-crm] 📩 Received message. Upserting to webhook...
[legacy-crm] 🔔 messages.upsert triggered | type: append | messages count: 1
[legacy-crm] 📩 Received message. Upserting to webhook...
[legacy-crm] 📩 Received message. Upserting to webhook...
[legacy-crm] 🔔 messages.upsert triggered | type: append | messages count: 1
[legacy-crm] 📩 Received message. Upserting to webhook...
[legacy-crm] 🔔 messages.upsert triggered | type: append | messages count: 1
[legacy-crm] 📩 Received message. Upserting to webhook...
[legacy-crm] 🔔 messages.upsert triggered | type: append | messages count: 4
[legacy-crm] 📩 Received message. Upserting to webhook...
[legacy-crm] 📩 Received message. Upserting to webhook...
[legacy-crm] 📩 Received message. Upserting to webhook...
[legacy-crm] 📩 Received message. Upserting to webhook...

╔══════════════════════════════════════════════════════╗
║  🤖 Legacy WhatsApp Bridge                           ║
║  📡 Running on: http://localhost:8081               ║
║  🔑 API Key:    legacy-evolution-api...    ║
║  📬 Webhook:    http://127.0.0.1:3001/api/webh...    ║
╚══════════════════════════════════════════════════════╝

Auto-connecting instance "legacy-crm"...
[legacy-crm] ✅ WhatsApp connected!

╔══════════════════════════════════════════════════════╗
║  🤖 Legacy WhatsApp Bridge                           ║
║  📡 Running on: http://localhost:8081               ║
║  🔑 API Key:    legacy-evolution-api...    ║
║  📬 Webhook:    http://127.0.0.1:3001/api/webh...    ║
╚══════════════════════════════════════════════════════╝

Auto-connecting instance "legacy-crm"...
[legacy-crm] QR Code received
[legacy-crm] QR Code received
[legacy-crm] QR Code received
[legacy-crm] QR Code received
[legacy-crm] QR Code received
[legacy-crm] QR Code received
[legacy-crm] Connection closed. Reason: 408 | QR refs attempts ended. BadSession: false. Reconnect: true
[legacy-crm] 🔄 Reconnecting in 3000ms...
[legacy-crm] QR Code received
[legacy-crm] QR Code received
[legacy-crm] QR Code received
[legacy-crm] QR Code received
[legacy-crm] QR Code received
[legacy-crm] QR Code received
[legacy-crm] Connection closed. Reason: 408 | QR refs attempts ended. BadSession: false. Reconnect: true
[legacy-crm] 🔄 Reconnecting in 3000ms...
[legacy-crm] QR Code received
[legacy-crm] QR Code received
[legacy-crm] QR Code received
[legacy-crm] QR Code received
[legacy-crm] QR Code received
[legacy-crm] QR Code received
[legacy-crm] Connection closed. Reason: 408 | QR refs attempts ended. BadSession: false. Reconnect: true
[legacy-crm] 🔄 Reconnecting in 3000ms...
[legacy-crm] QR Code received
[legacy-crm] QR Code received
[legacy-crm] QR Code received
[legacy-crm] QR Code received
[legacy-crm] QR Code received
[legacy-crm] QR Code received
[legacy-crm] Connection closed. Reason: 408 | QR refs attempts ended. BadSession: false. Reconnect: true
[legacy-crm] 🔄 Reconnecting in 3000ms...
[API] Create/connect instance: legacy-crm
[legacy-crm] QR Code received
[legacy-crm] QR Code received
[legacy-crm] QR Code received
[legacy-crm] QR Code received
[legacy-crm] QR Code received
[legacy-crm] QR Code received
[legacy-crm] Connection closed. Reason: 408 | QR refs attempts ended. BadSession: false. Reconnect: true
[legacy-crm] 🔄 Reconnecting in 3000ms...
[legacy-crm] QR Code received
[legacy-crm] QR Code received
[legacy-crm] QR Code received
[legacy-crm] QR Code received
[legacy-crm] QR Code received
[legacy-crm] QR Code received
[legacy-crm] Connection closed. Reason: 408 | QR refs attempts ended. BadSession: false. Reconnect: true
[legacy-crm] 🔄 Reconnecting in 3000ms...
[legacy-crm] QR Code received
[legacy-crm] QR Code received
[legacy-crm] QR Code received
[legacy-crm] QR Code received
[legacy-crm] QR Code received
[legacy-crm] QR Code received
[legacy-crm] Connection closed. Reason: 408 | QR refs attempts ended. BadSession: false. Reconnect: true
[legacy-crm] 🔄 Reconnecting in 3000ms...
[legacy-crm] QR Code received
[legacy-crm] QR Code received
[legacy-crm] QR Code received
[legacy-crm] QR Code received
[legacy-crm] QR Code received
[legacy-crm] QR Code received
[legacy-crm] Connection closed. Reason: 408 | QR refs attempts ended. BadSession: false. Reconnect: true
[legacy-crm] 🔄 Reconnecting in 3000ms...
[legacy-crm] QR Code received
[legacy-crm] QR Code received
[legacy-crm] Connection closed. Reason: 515 | Stream Errored (restart required). BadSession: false. Reconnect: true
[legacy-crm] 🔄 Reconnecting in 8000ms...
[legacy-crm] ✅ WhatsApp connected!
[legacy-crm] 🔔 messages.upsert triggered | type: notify | messages count: 1
[legacy-crm] 📩 Received message. Upserting to webhook...
[legacy-crm] 🔔 messages.upsert triggered | type: notify | messages count: 1
[legacy-crm] 📩 Received message. Upserting to webhook...
[legacy-crm] 🔔 messages.upsert triggered | type: notify | messages count: 1
[legacy-crm] 📩 Received message. Upserting to webhook...
[legacy-crm] 🔔 messages.upsert triggered | type: notify | messages count: 1
[legacy-crm] 📩 Received message. Upserting to webhook...
[legacy-crm] 🔔 messages.upsert triggered | type: notify | messages count: 1
[legacy-crm] 📩 Received message. Upserting to webhook...
[legacy-crm] 🔔 messages.upsert triggered | type: notify | messages count: 1
[legacy-crm] 📩 Received message. Upserting to webhook...
[legacy-crm] 🔔 messages.upsert triggered | type: notify | messages count: 1
[legacy-crm] 📩 Received message. Upserting to webhook...
[legacy-crm] 🔔 messages.upsert triggered | type: notify | messages count: 1
[legacy-crm] 📩 Received message. Upserting to webhook...
[legacy-crm] 🔔 messages.upsert triggered | type: notify | messages count: 1
[legacy-crm] 📩 Received message. Upserting to webhook...
[legacy-crm] 🔔 messages.upsert triggered | type: notify | messages count: 1
[legacy-crm] 📩 Received message. Upserting to webhook...
[legacy-crm] 🔔 messages.upsert triggered | type: notify | messages count: 1
[legacy-crm] 📩 Received message. Upserting to webhook...
[legacy-crm] 🔔 messages.upsert triggered | type: notify | messages count: 1
[legacy-crm] 📩 Received message. Upserting to webhook...
[legacy-crm] 🔔 messages.upsert triggered | type: notify | messages count: 1
[legacy-crm] 📩 Received message. Upserting to webhook...
[legacy-crm] 🔔 messages.upsert triggered | type: notify | messages count: 1
[legacy-crm] 📩 Received message. Upserting to webhook...
[legacy-crm] 🔔 messages.upsert triggered | type: notify | messages count: 1
[legacy-crm] 📩 Received message. Upserting to webhook...
[legacy-crm] 🔔 messages.upsert triggered | type: notify | messages count: 1
[legacy-crm] 📩 Received message. Upserting to webhook...
[legacy-crm] 🔔 messages.upsert triggered | type: notify | messages count: 1
[legacy-crm] 📩 Received message. Upserting to webhook...
[legacy-crm] 🔔 messages.upsert triggered | type: notify | messages count: 1
[legacy-crm] 📩 Received message. Upserting to webhook...
[legacy-crm] Connection closed. Reason: 500 | Stream Errored (ack). BadSession: false. Reconnect: true
[legacy-crm] 🔄 Reconnecting in 3000ms...
[legacy-crm] ✅ WhatsApp connected!
[legacy-crm] Connection closed. Reason: 500 | Stream Errored (ack). BadSession: false. Reconnect: true
[legacy-crm] 🔄 Reconnecting in 3000ms...
[legacy-crm] ✅ WhatsApp connected!

╔══════════════════════════════════════════════════════╗
║  🤖 Legacy WhatsApp Bridge                           ║
║  📡 Running on: http://localhost:8081               ║
║  🔑 API Key:    legacy-evolution-api...    ║
║  📬 Webhook:    http://127.0.0.1:3001/api/webh...    ║
╚══════════════════════════════════════════════════════╝

Auto-connecting instance "legacy-crm"...
[legacy-crm] QR Code received
[API] Create/connect instance: legacy-crm
[legacy-crm] Connection closed. Reason: 515 | Stream Errored (restart required). BadSession: false. Reconnect: true
[legacy-crm] 🔄 Reconnecting in 8000ms...
[legacy-crm] ✅ WhatsApp connected!
[legacy-crm] 🔔 messages.upsert triggered | type: notify | messages count: 1
[legacy-crm] 📩 Received message. Upserting to webhook...
[legacy-crm] 🔔 messages.upsert triggered | type: notify | messages count: 1
[legacy-crm] 📩 Received message. Upserting to webhook...
[legacy-crm] 🔔 messages.upsert triggered | type: notify | messages count: 1
[legacy-crm] 📩 Received message. Upserting to webhook...
[legacy-crm] 🔔 messages.upsert triggered | type: notify | messages count: 1
[legacy-crm] 📩 Received message. Upserting to webhook...
[legacy-crm] 🔔 messages.upsert triggered | type: notify | messages count: 1
[legacy-crm] 📩 Received message. Upserting to webhook...
[legacy-crm] 🔔 messages.upsert triggered | type: notify | messages count: 1
[legacy-crm] 📩 Received message. Upserting to webhook...
[legacy-crm] 🔔 messages.upsert triggered | type: notify | messages count: 1
[legacy-crm] 📩 Received message. Upserting to webhook...
[legacy-crm] 🔔 messages.upsert triggered | type: notify | messages count: 1
[legacy-crm] 📩 Received message. Upserting to webhook...
[legacy-crm] 🔔 messages.upsert triggered | type: notify | messages count: 1
[legacy-crm] 📩 Received message. Upserting to webhook...
[legacy-crm] 🔔 messages.upsert triggered | type: notify | messages count: 1
[legacy-crm] 📩 Received message. Upserting to webhook...
[legacy-crm] 🔔 messages.upsert triggered | type: notify | messages count: 1
[legacy-crm] 📩 Received message. Upserting to webhook...
[legacy-crm] 🔔 messages.upsert triggered | type: notify | messages count: 1
[legacy-crm] 📩 Received message. Upserting to webhook...
[legacy-crm] 🔔 messages.upsert triggered | type: notify | messages count: 1
[legacy-crm] 📩 Received message. Upserting to webhook...
[legacy-crm] 🔔 messages.upsert triggered | type: notify | messages count: 1
[legacy-crm] 📩 Received message. Upserting to webhook...
[legacy-crm] 🔔 messages.upsert triggered | type: notify | messages count: 1
[legacy-crm] 📩 Received message. Upserting to webhook...
[legacy-crm] 🔔 messages.upsert triggered | type: notify | messages count: 1
[legacy-crm] 📩 Received message. Upserting to webhook...
[legacy-crm] 🔔 messages.upsert triggered | type: notify | messages count: 1
[legacy-crm] 📩 Received message. Upserting to webhook...
[legacy-crm] 🔔 messages.upsert triggered | type: notify | messages count: 1
[legacy-crm] 📩 Received message. Upserting to webhook...
[legacy-crm] 🔔 messages.upsert triggered | type: notify | messages count: 1
[legacy-crm] 📩 Received message. Upserting to webhook...
[legacy-crm] 🔔 messages.upsert triggered | type: notify | messages count: 1
[legacy-crm] 📩 Received message. Upserting to webhook...
[legacy-crm] 🔔 messages.upsert triggered | type: notify | messages count: 1
[legacy-crm] 📩 Received message. Upserting to webhook...
[legacy-crm] 🔔 messages.upsert triggered | type: notify | messages count: 1
[legacy-crm] 📩 Received message. Upserting to webhook...
[legacy-crm] 🔔 messages.upsert triggered | type: notify | messages count: 1
[legacy-crm] 📩 Received message. Upserting to webhook...
[legacy-crm] 🔔 messages.upsert triggered | type: notify | messages count: 1
[legacy-crm] 📩 Received message. Upserting to webhook...
[legacy-crm] 🔔 messages.upsert triggered | type: notify | messages count: 1
[legacy-crm] 📩 Received message. Upserting to webhook...
[legacy-crm] 🔔 messages.upsert triggered | type: notify | messages count: 1
[legacy-crm] 📩 Received message. Upserting to webhook...
[legacy-crm] 🔔 messages.upsert triggered | type: notify | messages count: 1
[legacy-crm] 📩 Received message. Upserting to webhook...
[legacy-crm] 🔔 messages.upsert triggered | type: notify | messages count: 1
[legacy-crm] 📩 Received message. Upserting to webhook...

╔══════════════════════════════════════════════════════╗
║  🤖 Legacy WhatsApp Bridge                           ║
║  📡 Running on: http://localhost:8081               ║
║  🔑 API Key:    legacy-evolution-api...    ║
║  📬 Webhook:    http://127.0.0.1:3001/api/webh...    ║
╚══════════════════════════════════════════════════════╝

Auto-connecting instance "legacy-crm"...
[legacy-crm] ✅ WhatsApp connected!
[legacy-crm] 🔔 messages.upsert triggered | type: append | messages count: 4
[legacy-crm] 📩 Received message. Upserting to webhook...
[legacy-crm] 📩 Received message. Upserting to webhook...
[legacy-crm] 📩 Received message. Upserting to webhook...
[legacy-crm] 📩 Received message. Upserting to webhook...
[legacy-crm] 🔔 messages.upsert triggered | type: append | messages count: 3
[legacy-crm] 📩 Received message. Upserting to webhook...
[legacy-crm] 📩 Received message. Upserting to webhook...
[legacy-crm] 📩 Received message. Upserting to webhook...
[legacy-crm] 🔔 messages.upsert triggered | type: append | messages count: 3
[legacy-crm] 📩 Received message. Upserting to webhook...
[legacy-crm] 📩 Received message. Upserting to webhook...
[legacy-crm] 📩 Received message. Upserting to webhook...
[legacy-crm] 🔔 messages.upsert triggered | type: append | messages count: 1
[legacy-crm] 📩 Received message. Upserting to webhook...
[legacy-crm] 🔔 messages.upsert triggered | type: append | messages count: 1
[legacy-crm] 📩 Received message. Upserting to webhook...

╔══════════════════════════════════════════════════════╗
║  🤖 Legacy WhatsApp Bridge                           ║
║  📡 Running on: http://localhost:8081               ║
║  🔑 API Key:    legacy-evolution-api...    ║
║  📬 Webhook:    http://127.0.0.1:3001/api/webh...    ║
╚══════════════════════════════════════════════════════╝

Auto-connecting instance "legacy-crm"...
[legacy-crm] QR Code received
[API] Create/connect instance: legacy-crm
[legacy-crm] Connection closed. Reason: 515 | Stream Errored (restart required). BadSession: false. Reconnect: true
[legacy-crm] 🔄 Reconnecting in 8000ms...
[legacy-crm] ✅ WhatsApp connected!
[legacy-crm] 🔔 messages.upsert triggered | type: notify | messages count: 1
[legacy-crm] 📩 Received message. Upserting to webhook...
[legacy-crm] 🔔 messages.upsert triggered | type: notify | messages count: 1
[legacy-crm] 📩 Received message. Upserting to webhook...
[legacy-crm] 🔔 messages.upsert triggered | type: notify | messages count: 1
[legacy-crm] 📩 Received message. Upserting to webhook...
[legacy-crm] 🔔 messages.upsert triggered | type: notify | messages count: 1
[legacy-crm] 📩 Received message. Upserting to webhook...
[legacy-crm] 🔔 messages.upsert triggered | type: notify | messages count: 1
[legacy-crm] 📩 Received message. Upserting to webhook...
[legacy-crm] 🔔 messages.upsert triggered | type: notify | messages count: 1
[legacy-crm] 📩 Received message. Upserting to webhook...
[legacy-crm] 🔔 messages.upsert triggered | type: notify | messages count: 1
[legacy-crm] 📩 Received message. Upserting to webhook...
[legacy-crm] 🔔 messages.upsert triggered | type: notify | messages count: 1
[legacy-crm] 📩 Received message. Upserting to webhook...
[legacy-crm] 🔔 messages.upsert triggered | type: notify | messages count: 1
[legacy-crm] 📩 Received message. Upserting to webhook...
[legacy-crm] 🔔 messages.upsert triggered | type: notify | messages count: 1
[legacy-crm] 📩 Received message. Upserting to webhook...

╔══════════════════════════════════════════════════════╗
║  🤖 Legacy WhatsApp Bridge                           ║
║  📡 Running on: http://localhost:8081               ║
║  🔑 API Key:    legacy-evolution-api...    ║
║  📬 Webhook:    http://127.0.0.1:3001/api/webh...    ║
╚══════════════════════════════════════════════════════╝

Auto-connecting instance "legacy-crm"...
[legacy-crm] ✅ WhatsApp connected!

╔══════════════════════════════════════════════════════╗
║  🤖 Legacy WhatsApp Bridge                           ║
║  📡 Running on: http://localhost:8081               ║
║  🔑 API Key:    legacy-evolution-api...    ║
║  📬 Webhook:    http://127.0.0.1:3001/api/webh...    ║
╚══════════════════════════════════════════════════════╝

Auto-connecting instance "legacy-crm"...
[legacy-crm] ✅ WhatsApp connected!

╔══════════════════════════════════════════════════════╗
║  🤖 Legacy WhatsApp Bridge                           ║
║  📡 Running on: http://localhost:8081               ║
║  🔑 API Key:    legacy-evolution-api...    ║
║  📬 Webhook:    http://127.0.0.1:3001/api/webh...    ║
╚══════════════════════════════════════════════════════╝

Auto-connecting instance "legacy-crm"...
[legacy-crm] ✅ WhatsApp connected!
[legacy-crm] Connection closed. Reason: 500 | Stream Errored (ack). BadSession: false. Reconnect: true
[legacy-crm] 🔄 Reconnecting in 3000ms...
[legacy-crm] ✅ WhatsApp connected!

╔══════════════════════════════════════════════════════╗
║  🤖 Legacy WhatsApp Bridge                           ║
║  📡 Running on: http://localhost:8081               ║
║  🔑 API Key:    legacy-evolution-api...    ║
║  📬 Webhook:    http://127.0.0.1:3001/api/webh...    ║
╚══════════════════════════════════════════════════════╝

Auto-connecting instance "legacy-crm"...
[legacy-crm] QR Code received
[API] Create/connect instance: legacy-crm
[legacy-crm] QR Code received
[legacy-crm] Connection closed. Reason: 515 | Stream Errored (restart required). BadSession: false. Reconnect: true
[legacy-crm] 🔄 Reconnecting in 8000ms...
[legacy-crm] 🔔 messages.upsert triggered | type: notify | messages count: 1
[legacy-crm] 📩 Received message. Upserting to webhook...
[legacy-crm] ✅ WhatsApp connected!
[legacy-crm] 🔔 messages.upsert triggered | type: notify | messages count: 1
[legacy-crm] 📩 Received message. Upserting to webhook...
[legacy-crm] Connection closed. Reason: 401 | Stream Errored (conflict). BadSession: false. Reconnect: false
[legacy-crm] 🔴 Logged out — clearing session.
[API] Create/connect instance: legacy-crm
[legacy-crm] QR Code received
[legacy-crm] Connection closed. Reason: 515 | Stream Errored (restart required). BadSession: false. Reconnect: true
[legacy-crm] 🔄 Reconnecting in 8000ms...
[legacy-crm] ✅ WhatsApp connected!
[legacy-crm] 🔔 messages.upsert triggered | type: notify | messages count: 1
[legacy-crm] 📩 Received message. Upserting to webhook...
[legacy-crm] 🔔 messages.upsert triggered | type: notify | messages count: 1
[legacy-crm] 📩 Received message. Upserting to webhook...
[legacy-crm] 🔔 messages.upsert triggered | type: notify | messages count: 1
[legacy-crm] 📩 Received message. Upserting to webhook...
[legacy-crm] 🔔 messages.upsert triggered | type: notify | messages count: 1
[legacy-crm] 📩 Received message. Upserting to webhook...
ERROR: Send message error: SessionError: No sessions
    at 5514997603870.51 [as awaitable] (C:\Users\Lucas Souza\Desktop\legacy\whatsapp-bridge\node_modules\libsignal\src\session_cipher.js:71:23)
    at async _asyncQueueExecutor (C:\Users\Lucas Souza\Desktop\legacy\whatsapp-bridge\node_modules\libsignal\src\queue_job.js:20:29)
[legacy-crm] 🔔 messages.upsert triggered | type: notify | messages count: 1
[legacy-crm] 📩 Received message. Upserting to webhook...
[legacy-crm] 🔔 messages.upsert triggered | type: notify | messages count: 1
[legacy-crm] 📩 Received message. Upserting to webhook...
[legacy-crm] 🔔 messages.upsert triggered | type: notify | messages count: 1
[legacy-crm] 📩 Received message. Upserting to webhook...
ERROR: Send message error: SessionError: No sessions
    at 112038852476930_1.38 [as awaitable] (C:\Users\Lucas Souza\Desktop\legacy\whatsapp-bridge\node_modules\libsignal\src\session_cipher.js:71:23)
    at async _asyncQueueExecutor (C:\Users\Lucas Souza\Desktop\legacy\whatsapp-bridge\node_modules\libsignal\src\queue_job.js:20:29)
[legacy-crm] 🔔 messages.upsert triggered | type: notify | messages count: 1
[legacy-crm] 📩 Received message. Upserting to webhook...
ERROR: Send message error: SessionError: No sessions
    at 112038852476930_1.38 [as awaitable] (C:\Users\Lucas Souza\Desktop\legacy\whatsapp-bridge\node_modules\libsignal\src\session_cipher.js:71:23)
    at async _asyncQueueExecutor (C:\Users\Lucas Souza\Desktop\legacy\whatsapp-bridge\node_modules\libsignal\src\queue_job.js:20:29)
[legacy-crm] 🔔 messages.upsert triggered | type: notify | messages count: 1
[legacy-crm] 📩 Received message. Upserting to webhook...
[legacy-crm] 🔔 messages.upsert triggered | type: notify | messages count: 1
[legacy-crm] 📩 Received message. Upserting to webhook...
[legacy-crm] 🔔 messages.upsert triggered | type: notify | messages count: 1
[legacy-crm] 📩 Received message. Upserting to webhook...
ERROR: Send message error: SessionError: No sessions
    at 5514997603870.51 [as awaitable] (C:\Users\Lucas Souza\Desktop\legacy\whatsapp-bridge\node_modules\libsignal\src\session_cipher.js:71:23)
    at async _asyncQueueExecutor (C:\Users\Lucas Souza\Desktop\legacy\whatsapp-bridge\node_modules\libsignal\src\queue_job.js:20:29)
[legacy-crm] 🔔 messages.upsert triggered | type: notify | messages count: 1
[legacy-crm] 📩 Received message. Upserting to webhook...
[legacy-crm] 🔔 messages.upsert triggered | type: notify | messages count: 1
[legacy-crm] 📩 Received message. Upserting to webhook...
[legacy-crm] 🔔 messages.upsert triggered | type: notify | messages count: 1
[legacy-crm] 📩 Received message. Upserting to webhook...
[legacy-crm] 🔔 messages.upsert triggered | type: notify | messages count: 1
[legacy-crm] 📩 Received message. Upserting to webhook...
[legacy-crm] 🔔 messages.upsert triggered | type: notify | messages count: 1
[legacy-crm] 📩 Received message. Upserting to webhook...
[legacy-crm] 🔔 messages.upsert triggered | type: notify | messages count: 1
[legacy-crm] 📩 Received message. Upserting to webhook...
[legacy-crm] 🔔 messages.upsert triggered | type: notify | messages count: 1
[legacy-crm] 📩 Received message. Upserting to webhook...
[legacy-crm] 🔔 messages.upsert triggered | type: notify | messages count: 1
[legacy-crm] 📩 Received message. Upserting to webhook...
[legacy-crm] 🔔 messages.upsert triggered | type: notify | messages count: 1
[legacy-crm] 📩 Received message. Upserting to webhook...
ERROR: Send message error: SessionError: No sessions
    at 5514997603870.51 [as awaitable] (C:\Users\Lucas Souza\Desktop\legacy\whatsapp-bridge\node_modules\libsignal\src\session_cipher.js:71:23)
    at async _asyncQueueExecutor (C:\Users\Lucas Souza\Desktop\legacy\whatsapp-bridge\node_modules\libsignal\src\queue_job.js:20:29)
[legacy-crm] 🔔 messages.upsert triggered | type: notify | messages count: 1
[legacy-crm] 📩 Received message. Upserting to webhook...
[legacy-crm] 🔔 messages.upsert triggered | type: notify | messages count: 1
[legacy-crm] 📩 Received message. Upserting to webhook...
ERROR: Send message error: SessionError: No sessions
    at 5514997603870.51 [as awaitable] (C:\Users\Lucas Souza\Desktop\legacy\whatsapp-bridge\node_modules\libsignal\src\session_cipher.js:71:23)
    at async _asyncQueueExecutor (C:\Users\Lucas Souza\Desktop\legacy\whatsapp-bridge\node_modules\libsignal\src\queue_job.js:20:29)
[legacy-crm] 🔔 messages.upsert triggered | type: notify | messages count: 1
[legacy-crm] 📩 Received message. Upserting to webhook...
ERROR: Send message error: SessionError: No sessions
    at 5514997603870.51 [as awaitable] (C:\Users\Lucas Souza\Desktop\legacy\whatsapp-bridge\node_modules\libsignal\src\session_cipher.js:71:23)
    at async _asyncQueueExecutor (C:\Users\Lucas Souza\Desktop\legacy\whatsapp-bridge\node_modules\libsignal\src\queue_job.js:20:29)
[legacy-crm] 🔔 messages.upsert triggered | type: notify | messages count: 1
[legacy-crm] 📩 Received message. Upserting to webhook...
[legacy-crm] 🔔 messages.upsert triggered | type: notify | messages count: 1
[legacy-crm] 📩 Received message. Upserting to webhook...
[legacy-crm] 🔔 messages.upsert triggered | type: notify | messages count: 1
[legacy-crm] 📩 Received message. Upserting to webhook...
[legacy-crm] 🔔 messages.upsert triggered | type: notify | messages count: 1
[legacy-crm] 📩 Received message. Upserting to webhook...
ERROR: Send message error: SessionError: No sessions
    at 5514997603870.51 [as awaitable] (C:\Users\Lucas Souza\Desktop\legacy\whatsapp-bridge\node_modules\libsignal\src\session_cipher.js:71:23)
    at async _asyncQueueExecutor (C:\Users\Lucas Souza\Desktop\legacy\whatsapp-bridge\node_modules\libsignal\src\queue_job.js:20:29)
[legacy-crm] 🔔 messages.upsert triggered | type: notify | messages count: 1
[legacy-crm] 📩 Received message. Upserting to webhook...
ERROR: Send message error: SessionError: No sessions
    at 5514997603870.51 [as awaitable] (C:\Users\Lucas Souza\Desktop\legacy\whatsapp-bridge\node_modules\libsignal\src\session_cipher.js:71:23)
    at async _asyncQueueExecutor (C:\Users\Lucas Souza\Desktop\legacy\whatsapp-bridge\node_modules\libsignal\src\queue_job.js:20:29)
[legacy-crm] 🔔 messages.upsert triggered | type: notify | messages count: 1
[legacy-crm] 📩 Received message. Upserting to webhook...

╔══════════════════════════════════════════════════════╗
║  🤖 Legacy WhatsApp Bridge                           ║
║  📡 Running on: http://localhost:8081               ║
║  🔑 API Key:    legacy-evolution-api...    ║
║  📬 Webhook:    http://127.0.0.1:3001/api/webh...    ║
╚══════════════════════════════════════════════════════╝

Auto-connecting instance "legacy-crm"...
[legacy-crm] ✅ WhatsApp connected!
[legacy-crm] 🔔 messages.upsert triggered | type: append | messages count: 35
[legacy-crm] 📩 Received message. Upserting to webhook...
[legacy-crm] 📩 Received message. Upserting to webhook...
[legacy-crm] 📩 Received message. Upserting to webhook...
[legacy-crm] 📩 Received message. Upserting to webhook...
[legacy-crm] 📩 Received message. Upserting to webhook...
[legacy-crm] 📩 Received message. Upserting to webhook...
[legacy-crm] 📩 Received message. Upserting to webhook...
[legacy-crm] 📩 Received message. Upserting to webhook...
[legacy-crm] 📩 Received message. Upserting to webhook...
[legacy-crm] 📩 Received message. Upserting to webhook...
[legacy-crm] 📩 Received message. Upserting to webhook...
[legacy-crm] 📩 Received message. Upserting to webhook...
[legacy-crm] 📩 Received message. Upserting to webhook...
[legacy-crm] 📩 Received message. Upserting to webhook...
[legacy-crm] 📩 Received message. Upserting to webhook...
[legacy-crm] 📩 Received message. Upserting to webhook...
[legacy-crm] 📩 Received message. Upserting to webhook...
[legacy-crm] 📩 Received message. Upserting to webhook...
[legacy-crm] 📩 Received message. Upserting to webhook...
[legacy-crm] 📩 Received message. Upserting to webhook...
[legacy-crm] 📩 Received message. Upserting to webhook...
[legacy-crm] 📩 Received message. Upserting to webhook...
[legacy-crm] 📩 Received message. Upserting to webhook...
[legacy-crm] 📩 Received message. Upserting to webhook...
[legacy-crm] 📩 Received message. Upserting to webhook...
[legacy-crm] 📩 Received message. Upserting to webhook...
[legacy-crm] 📩 Received message. Upserting to webhook...
[legacy-crm] 📩 Received message. Upserting to webhook...
[legacy-crm] 📩 Received message. Upserting to webhook...
[legacy-crm] 📩 Received message. Upserting to webhook...
[legacy-crm] 📩 Received message. Upserting to webhook...
[legacy-crm] 📩 Received message. Upserting to webhook...
[legacy-crm] 📩 Received message. Upserting to webhook...
[legacy-crm] 📩 Received message. Upserting to webhook...
[legacy-crm] 📩 Received message. Upserting to webhook...
[legacy-crm] 🔔 messages.upsert triggered | type: notify | messages count: 1
[legacy-crm] 📩 Received message. Upserting to webhook...
[legacy-crm] 🔔 messages.upsert triggered | type: notify | messages count: 1
[legacy-crm] 📩 Received message. Upserting to webhook...
[legacy-crm] 🔔 messages.upsert triggered | type: notify | messages count: 1
[legacy-crm] 📩 Received message. Upserting to webhook...
[legacy-crm] 🔔 messages.upsert triggered | type: notify | messages count: 1
[legacy-crm] 📩 Received message. Upserting to webhook...
[legacy-crm] 🔔 messages.upsert triggered | type: notify | messages count: 1
[legacy-crm] 📩 Received message. Upserting to webhook...

╔══════════════════════════════════════════════════════╗
║  🤖 Legacy WhatsApp Bridge                           ║
║  📡 Running on: http://localhost:8081               ║
║  🔑 API Key:    legacy-evolution-api...    ║
║  📬 Webhook:    http://127.0.0.1:3001/api/webh...    ║
╚══════════════════════════════════════════════════════╝

Auto-connecting instance "legacy-crm"...
[legacy-crm] ✅ WhatsApp connected!
[legacy-crm] 🔔 messages.upsert triggered | type: append | messages count: 2
[legacy-crm] 📩 Received message. Upserting to webhook...
[legacy-crm] 📩 Received message. Upserting to webhook...
[legacy-crm] 🔔 messages.upsert triggered | type: append | messages count: 1
[legacy-crm] 📩 Received message. Upserting to webhook...
[legacy-crm] 🔔 messages.upsert triggered | type: append | messages count: 3
[legacy-crm] 📩 Received message. Upserting to webhook...
[legacy-crm] 📩 Received message. Upserting to webhook...
[legacy-crm] 📩 Received message. Upserting to webhook...
[legacy-crm] 🔔 messages.upsert triggered | type: append | messages count: 1
[legacy-crm] 📩 Received message. Upserting to webhook...
[legacy-crm] 🔔 messages.upsert triggered | type: append | messages count: 1
[legacy-crm] 📩 Received message. Upserting to webhook...
[legacy-crm] 🔔 messages.upsert triggered | type: notify | messages count: 1
[legacy-crm] 📩 Received message. Upserting to webhook...

╔══════════════════════════════════════════════════════╗
║  🤖 Legacy WhatsApp Bridge                           ║
║  📡 Running on: http://localhost:8081               ║
║  🔑 API Key:    legacy-evolution-api...    ║
║  📬 Webhook:    http://127.0.0.1:3001/api/webh...    ║
╚══════════════════════════════════════════════════════╝

Auto-connecting instance "legacy-crm"...
[legacy-crm] ✅ WhatsApp connected!
[legacy-crm] 🔔 messages.upsert triggered | type: append | messages count: 1
[legacy-crm] 📩 Received message. Upserting to webhook...
ERROR: [legacy-crm] ❌ Webhook post error: connect ECONNREFUSED 127.0.0.1:3001
[legacy-crm] 🔔 messages.upsert triggered | type: notify | messages count: 1
[legacy-crm] 📩 Received message. Upserting to webhook...
ERROR: [legacy-crm] ❌ Webhook post error: connect ECONNREFUSED 127.0.0.1:3001
[legacy-crm] 🔔 messages.upsert triggered | type: notify | messages count: 1
[legacy-crm] 📩 Received message. Upserting to webhook...
[legacy-crm] 🔔 messages.upsert triggered | type: notify | messages count: 1
[legacy-crm] 📩 Received message. Upserting to webhook...
[legacy-crm] 🔔 messages.upsert triggered | type: notify | messages count: 1
[legacy-crm] 📩 Received message. Upserting to webhook...
[legacy-crm] 🔔 messages.upsert triggered | type: notify | messages count: 1
[legacy-crm] 📩 Received message. Upserting to webhook...
[legacy-crm] 🔔 messages.upsert triggered | type: notify | messages count: 1
[legacy-crm] 📩 Received message. Upserting to webhook...
[legacy-crm] 🔔 messages.upsert triggered | type: notify | messages count: 1
[legacy-crm] 📩 Received message. Upserting to webhook...
[legacy-crm] 🔔 messages.upsert triggered | type: notify | messages count: 1
[legacy-crm] 📩 Received message. Upserting to webhook...
[legacy-crm] 🔔 messages.upsert triggered | type: notify | messages count: 1
[legacy-crm] 📩 Received message. Upserting to webhook...
[legacy-crm] 🔔 messages.upsert triggered | type: notify | messages count: 1
[legacy-crm] 📩 Received message. Upserting to webhook...
[legacy-crm] 🔔 messages.upsert triggered | type: notify | messages count: 1
[legacy-crm] 📩 Received message. Upserting to webhook...
[legacy-crm] 🔔 messages.upsert triggered | type: notify | messages count: 1
[legacy-crm] 📩 Received message. Upserting to webhook...
[legacy-crm] 🔔 messages.upsert triggered | type: notify | messages count: 1
[legacy-crm] 📩 Received message. Upserting to webhook...

╔══════════════════════════════════════════════════════╗
║  🤖 Legacy WhatsApp Bridge                           ║
║  📡 Running on: http://localhost:8081               ║
║  🔑 API Key:    legacy-evolution-api...    ║
║  📬 Webhook:    http://127.0.0.1:3001/api/webh...    ║
╚══════════════════════════════════════════════════════╝

Auto-connecting instance "legacy-crm"...
[legacy-crm] ✅ WhatsApp connected!
[legacy-crm] 🔔 messages.upsert triggered | type: append | messages count: 115
[legacy-crm] 📩 Received message. Upserting to webhook...
[legacy-crm] 📩 Received message. Upserting to webhook...
[legacy-crm] 📩 Received message. Upserting to webhook...
[legacy-crm] 📩 Received message. Upserting to webhook...
[legacy-crm] 📩 Received message. Upserting to webhook...
[legacy-crm] 📩 Received message. Upserting to webhook...
[legacy-crm] 📩 Received message. Upserting to webhook...
[legacy-crm] 📩 Received message. Upserting to webhook...
[legacy-crm] 📩 Received message. Upserting to webhook...
[legacy-crm] 📩 Received message. Upserting to webhook...
[legacy-crm] 📩 Received message. Upserting to webhook...
[legacy-crm] 📩 Received message. Upserting to webhook...
[legacy-crm] 📩 Received message. Upserting to webhook...
[legacy-crm] 📩 Received message. Upserting to webhook...
[legacy-crm] 📩 Received message. Upserting to webhook...
[legacy-crm] 📩 Received message. Upserting to webhook...
[legacy-crm] 📩 Received message. Upserting to webhook...
[legacy-crm] 📩 Received message. Upserting to webhook...
[legacy-crm] 📩 Received message. Upserting to webhook...
[legacy-crm] 📩 Received message. Upserting to webhook...
[legacy-crm] 📩 Received message. Upserting to webhook...
[legacy-crm] 📩 Received message. Upserting to webhook...
[legacy-crm] 📩 Received message. Upserting to webhook...
[legacy-crm] 📩 Received message. Upserting to webhook...
[legacy-crm] 📩 Received message. Upserting to webhook...
[legacy-crm] 📩 Received message. Upserting to webhook...
[legacy-crm] 📩 Received message. Upserting to webhook...
[legacy-crm] 📩 Received message. Upserting to webhook...
[legacy-crm] 📩 Received message. Upserting to webhook...
[legacy-crm] 📩 Received message. Upserting to webhook...
[legacy-crm] 📩 Received message. Upserting to webhook...
[legacy-crm] 📩 Received message. Upserting to webhook...
[legacy-crm] 📩 Received message. Upserting to webhook...
[legacy-crm] 📩 Received message. Upserting to webhook...
[legacy-crm] 📩 Received message. Upserting to webhook...
[legacy-crm] 📩 Received message. Upserting to webhook...
[legacy-crm] 📩 Received message. Upserting to webhook...
[legacy-crm] 📩 Received message. Upserting to webhook...
[legacy-crm] 📩 Received message. Upserting to webhook...
[legacy-crm] 📩 Received message. Upserting to webhook...
[legacy-crm] 📩 Received message. Upserting to webhook...
[legacy-crm] 📩 Received message. Upserting to webhook...
[legacy-crm] 📩 Received message. Upserting to webhook...
[legacy-crm] 📩 Received message. Upserting to webhook...
[legacy-crm] 📩 Received message. Upserting to webhook...
[legacy-crm] 📩 Received message. Upserting to webhook...
[legacy-crm] 📩 Received message. Upserting to webhook...
[legacy-crm] 📩 Received message. Upserting to webhook...
[legacy-crm] 📩 Received message. Upserting to webhook...
[legacy-crm] 📩 Received message. Upserting to webhook...
[legacy-crm] 📩 Received message. Upserting to webhook...
[legacy-crm] 📩 Received message. Upserting to webhook...
[legacy-crm] 📩 Received message. Upserting to webhook...
[legacy-crm] 📩 Received message. Upserting to webhook...
[legacy-crm] 📩 Received message. Upserting to webhook...
[legacy-crm] 📩 Received message. Upserting to webhook...
[legacy-crm] 📩 Received message. Upserting to webhook...
[legacy-crm] 📩 Received message. Upserting to webhook...
[legacy-crm] 📩 Received message. Upserting to webhook...
[legacy-crm] 📩 Received message. Upserting to webhook...
[legacy-crm] 📩 Received message. Upserting to webhook...
[legacy-crm] 📩 Received message. Upserting to webhook...
[legacy-crm] 📩 Received message. Upserting to webhook...
[legacy-crm] 📩 Received message. Upserting to webhook...
[legacy-crm] 📩 Received message. Upserting to webhook...
[legacy-crm] 📩 Received message. Upserting to webhook...
[legacy-crm] 📩 Received message. Upserting to webhook...
[legacy-crm] 📩 Received message. Upserting to webhook...
[legacy-crm] 📩 Received message. Upserting to webhook...
[legacy-crm] 📩 Received message. Upserting to webhook...
[legacy-crm] 📩 Received message. Upserting to webhook...
[legacy-crm] 📩 Received message. Upserting to webhook...
[legacy-crm] 📩 Received message. Upserting to webhook...
[legacy-crm] 📩 Received message. Upserting to webhook...
[legacy-crm] 📩 Received message. Upserting to webhook...
[legacy-crm] 📩 Received message. Upserting to webhook...
[legacy-crm] 📩 Received message. Upserting to webhook...
[legacy-crm] 📩 Received message. Upserting to webhook...
[legacy-crm] 📩 Received message. Upserting to webhook...
[legacy-crm] 📩 Received message. Upserting to webhook...
[legacy-crm] 📩 Received message. Upserting to webhook...
[legacy-crm] 📩 Received message. Upserting to webhook...
[legacy-crm] 📩 Received message. Upserting to webhook...
[legacy-crm] 📩 Received message. Upserting to webhook...
[legacy-crm] 📩 Received message. Upserting to webhook...
[legacy-crm] 📩 Received message. Upserting to webhook...
[legacy-crm] 📩 Received message. Upserting to webhook...
[legacy-crm] 📩 Received message. Upserting to webhook...
[legacy-crm] 📩 Received message. Upserting to webhook...
[legacy-crm] 📩 Received message. Upserting to webhook...
[legacy-crm] 📩 Received message. Upserting to webhook...
[legacy-crm] 📩 Received message. Upserting to webhook...
[legacy-crm] 📩 Received message. Upserting to webhook...
[legacy-crm] 📩 Received message. Upserting to webhook...
[legacy-crm] 📩 Received message. Upserting to webhook...
[legacy-crm] 📩 Received message. Upserting to webhook...
[legacy-crm] 📩 Received message. Upserting to webhook...
[legacy-crm] 📩 Received message. Upserting to webhook...
[legacy-crm] 📩 Received message. Upserting to webhook...
[legacy-crm] 📩 Received message. Upserting to webhook...
[legacy-crm] 📩 Received message. Upserting to webhook...
[legacy-crm] 📩 Received message. Upserting to webhook...
[legacy-crm] 📩 Received message. Upserting to webhook...
[legacy-crm] 📩 Received message. Upserting to webhook...
[legacy-crm] 📩 Received message. Upserting to webhook...
[legacy-crm] 📩 Received message. Upserting to webhook...
[legacy-crm] 📩 Received message. Upserting to webhook...
[legacy-crm] 📩 Received message. Upserting to webhook...
[legacy-crm] 📩 Received message. Upserting to webhook...
[legacy-crm] 📩 Received message. Upserting to webhook...
[legacy-crm] 📩 Received message. Upserting to webhook...
[legacy-crm] 📩 Received message. Upserting to webhook...
[legacy-crm] 📩 Received message. Upserting to webhook...
[legacy-crm] 📩 Received message. Upserting to webhook...
[legacy-crm] 📩 Received message. Upserting to webhook...
[legacy-crm] 🔔 messages.upsert triggered | type: notify | messages count: 1
[legacy-crm] 📩 Received message. Upserting to webhook...
[legacy-crm] 🔔 messages.upsert triggered | type: notify | messages count: 1
[legacy-crm] 📩 Received message. Upserting to webhook...
[legacy-crm] 🔔 messages.upsert triggered | type: notify | messages count: 1
[legacy-crm] 📩 Received message. Upserting to webhook...
[legacy-crm] 🔔 messages.upsert triggered | type: notify | messages count: 1
[legacy-crm] 📩 Received message. Upserting to webhook...
[legacy-crm] 🔔 messages.upsert triggered | type: notify | messages count: 1
[legacy-crm] 📩 Received message. Upserting to webhook...
[legacy-crm] 🔔 messages.upsert triggered | type: notify | messages count: 1
[legacy-crm] 📩 Received message. Upserting to webhook...
[legacy-crm] 🔔 messages.upsert triggered | type: notify | messages count: 1
[legacy-crm] 📩 Received message. Upserting to webhook...
[legacy-crm] 🔔 messages.upsert triggered | type: notify | messages count: 1
[legacy-crm] 📩 Received message. Upserting to webhook...
[legacy-crm] 🔔 messages.upsert triggered | type: notify | messages count: 1
[legacy-crm] 📩 Received message. Upserting to webhook...
[legacy-crm] 🔔 messages.upsert triggered | type: notify | messages count: 1
[legacy-crm] 📩 Received message. Upserting to webhook...
[legacy-crm] 🔔 messages.upsert triggered | type: notify | messages count: 1
[legacy-crm] 📩 Received message. Upserting to webhook...
[legacy-crm] 🔔 messages.upsert triggered | type: notify | messages count: 1
[legacy-crm] 📩 Received message. Upserting to webhook...
[legacy-crm] 🔔 messages.upsert triggered | type: notify | messages count: 1
[legacy-crm] 📩 Received message. Upserting to webhook...
[legacy-crm] 🔔 messages.upsert triggered | type: notify | messages count: 1
[legacy-crm] 📩 Received message. Upserting to webhook...
[legacy-crm] 🔔 messages.upsert triggered | type: notify | messages count: 1
[legacy-crm] 📩 Received message. Upserting to webhook...
[legacy-crm] 🔔 messages.upsert triggered | type: notify | messages count: 1
[legacy-crm] 📩 Received message. Upserting to webhook...
[legacy-crm] 🔔 messages.upsert triggered | type: notify | messages count: 1
[legacy-crm] 📩 Received message. Upserting to webhook...
[legacy-crm] 🔔 messages.upsert triggered | type: notify | messages count: 1
[legacy-crm] 📩 Received message. Upserting to webhook...
[legacy-crm] 🔔 messages.upsert triggered | type: notify | messages count: 1
[legacy-crm] 📩 Received message. Upserting to webhook...
[legacy-crm] 🔔 messages.upsert triggered | type: notify | messages count: 1
[legacy-crm] 📩 Received message. Upserting to webhook...
[legacy-crm] 🔔 messages.upsert triggered | type: notify | messages count: 1
[legacy-crm] 📩 Received message. Upserting to webhook...
[legacy-crm] 🔔 messages.upsert triggered | type: notify | messages count: 1
[legacy-crm] 📩 Received message. Upserting to webhook...
[legacy-crm] 🔔 messages.upsert triggered | type: notify | messages count: 1
[legacy-crm] 📩 Received message. Upserting to webhook...
[legacy-crm] 🔔 messages.upsert triggered | type: notify | messages count: 1
[legacy-crm] 📩 Received message. Upserting to webhook...

╔══════════════════════════════════════════════════════╗
║  🤖 Legacy WhatsApp Bridge                           ║
║  📡 Running on: http://localhost:8081               ║
║  🔑 API Key:    legacy-evolution-api...    ║
║  📬 Webhook:    http://127.0.0.1:3001/api/webh...    ║
╚══════════════════════════════════════════════════════╝

Auto-connecting instance "legacy-crm"...
[legacy-crm] ✅ WhatsApp connected!
[legacy-crm] 🔔 messages.upsert triggered | type: append | messages count: 3
[legacy-crm] 📩 Received message. Upserting to webhook...
[legacy-crm] 📩 Received message. Upserting to webhook...
[legacy-crm] 📩 Received message. Upserting to webhook...
[legacy-crm] 🔔 messages.upsert triggered | type: append | messages count: 6
[legacy-crm] 📩 Received message. Upserting to webhook...
[legacy-crm] 📩 Received message. Upserting to webhook...
[legacy-crm] 📩 Received message. Upserting to webhook...
[legacy-crm] 📩 Received message. Upserting to webhook...
[legacy-crm] 🔔 messages.upsert triggered | type: append | messages count: 1
[legacy-crm] 📩 Received message. Upserting to webhook...
[legacy-crm] 📩 Received message. Upserting to webhook...
[legacy-crm] 📩 Received message. Upserting to webhook...
[legacy-crm] 🔔 messages.upsert triggered | type: append | messages count: 1
[legacy-crm] 📩 Received message. Upserting to webhook...
[legacy-crm] 🔔 messages.upsert triggered | type: append | messages count: 2
[legacy-crm] 📩 Received message. Upserting to webhook...
[legacy-crm] 📩 Received message. Upserting to webhook...
[legacy-crm] 🔔 messages.upsert triggered | type: append | messages count: 2
[legacy-crm] 📩 Received message. Upserting to webhook...
[legacy-crm] 📩 Received message. Upserting to webhook...
[legacy-crm] 🔔 messages.upsert triggered | type: append | messages count: 1
[legacy-crm] 📩 Received message. Upserting to webhook...
[legacy-crm] 🔔 messages.upsert triggered | type: notify | messages count: 1
[legacy-crm] 📩 Received message. Upserting to webhook...
[legacy-crm] 🔔 messages.upsert triggered | type: notify | messages count: 1
[legacy-crm] 📩 Received message. Upserting to webhook...
[legacy-crm] 🔔 messages.upsert triggered | type: notify | messages count: 1
[legacy-crm] 📩 Received message. Upserting to webhook...
[legacy-crm] 🔔 messages.upsert triggered | type: notify | messages count: 1
[legacy-crm] 📩 Received message. Upserting to webhook...
[legacy-crm] 🔔 messages.upsert triggered | type: notify | messages count: 1
[legacy-crm] 📩 Received message. Upserting to webhook...
[legacy-crm] 🔔 messages.upsert triggered | type: notify | messages count: 1
[legacy-crm] 📩 Received message. Upserting to webhook...
[legacy-crm] 🔔 messages.upsert triggered | type: notify | messages count: 1
[legacy-crm] 📩 Received message. Upserting to webhook...
[legacy-crm] 🔔 messages.upsert triggered | type: notify | messages count: 1
[legacy-crm] 📩 Received message. Upserting to webhook...
[legacy-crm] 🔔 messages.upsert triggered | type: notify | messages count: 1
[legacy-crm] 📩 Received message. Upserting to webhook...
[legacy-crm] 🔔 messages.upsert triggered | type: notify | messages count: 1
[legacy-crm] 📩 Received message. Upserting to webhook...
[legacy-crm] 🔔 messages.upsert triggered | type: notify | messages count: 1
[legacy-crm] 📩 Received message. Upserting to webhook...
[legacy-crm] 🔔 messages.upsert triggered | type: notify | messages count: 1
[legacy-crm] 📩 Received message. Upserting to webhook...
[legacy-crm] 🔔 messages.upsert triggered | type: notify | messages count: 1
[legacy-crm] 📩 Received message. Upserting to webhook...
[legacy-crm] 🔔 messages.upsert triggered | type: notify | messages count: 1
[legacy-crm] 📩 Received message. Upserting to webhook...
[legacy-crm] 🔔 messages.upsert triggered | type: notify | messages count: 1
[legacy-crm] 📩 Received message. Upserting to webhook...
